../src/bufferutil.cc:36:34: error: unknown type name 'Arguments'; did you mean 'v8::internal::Arguments'?
  static Handle<Value> New(const Arguments& args)
                                 ^~~~~~~~~
                                 v8::internal::Arguments
/Users/bryanlimy/.node-gyp/6.9.1/include/node/v8.h:147:7: note: 'v8::internal::Arguments' declared here
class Arguments;
      ^
../src/bufferutil.cc:44:36: error: unknown type name 'Arguments'; did you mean 'v8::internal::Arguments'?
  static Handle<Value> Merge(const Arguments& args)
                                   ^~~~~~~~~
                                   v8::internal::Arguments
/Users/bryanlimy/.node-gyp/6.9.1/include/node/v8.h:147:7: note: 'v8::internal::Arguments' declared here
class Arguments;
      ^
../src/bufferutil.cc:62:37: error: unknown type name 'Arguments'; did you mean 'v8::internal::Arguments'?
  static Handle<Value> Unmask(const Arguments& args)
                                    ^~~~~~~~~
                                    v8::internal::Arguments
/Users/bryanlimy/.node-gyp/6.9.1/include/node/v8.h:147:7: note: 'v8::internal::Arguments' declared here
class Arguments;
      ^
../src/bufferutil.cc:83:35: error: unknown type name 'Arguments'; did you mean 'v8::internal::Arguments'?
  static Handle<Value> Mask(const Arguments& args)
                                  ^~~~~~~~~
                                  v8::internal::Arguments
/Users/bryanlimy/.node-gyp/6.9.1/include/node/v8.h:147:7: note: 'v8::internal::Arguments' declared here
class Arguments;
      ^
../src/bufferutil.cc:25:17: error: calling a protected constructor of class 'v8::HandleScope'
    HandleScope scope;
                ^
/Users/bryanlimy/.node-gyp/6.9.1/include/node/v8.h:915:13: note: declared protected here
  V8_INLINE HandleScope() {}
            ^
../src/bufferutil.cc:26:33: error: no matching function for call to 'New'
    Local<FunctionTemplate> t = FunctionTemplate::New(New);
                                ^~~~~~~~~~~~~~~~~~~~~
/Users/bryanlimy/.node-gyp/6.9.1/include/node/v8.h:4483:34: note: candidate function not viable: no known conversion from 'Handle<v8::Value> (const v8::internal::Arguments &)' (aka 'v8::Local<v8::Value> (const v8::internal::Arguments &)') to 'v8::Isolate *' for 1st argument
  static Local<FunctionTemplate> New(
                                 ^
/Users/bryanlimy/.node-gyp/6.9.1/include/node/v8.h:4487:34: note: candidate function not viable: requires 6 arguments, but 1 was provided
  static Local<FunctionTemplate> New(
                                 ^
../src/bufferutil.cc:28:5: error: no matching function for call to 'NODE_SET_METHOD'
    NODE_SET_METHOD(t->GetFunction(), "unmask", BufferUtil::Unmask);
    ^~~~~~~~~~~~~~~
/Users/bryanlimy/.node-gyp/6.9.1/include/node/node.h:269:25: note: expanded from macro 'NODE_SET_METHOD'
#define NODE_SET_METHOD node::NODE_SET_METHOD
                        ^~~~~~~~~~~~~~~~~~~~~
/Users/bryanlimy/.node-gyp/6.9.1/include/node/node.h:244:13: note: candidate function not viable: no known conversion from 'Handle<v8::Value> (const v8::internal::Arguments &)' (aka 'v8::Local<v8::Value> (const v8::internal::Arguments &)') to 'v8::FunctionCallback' (aka 'void (*)(const FunctionCallbackInfo<v8::Value> &)') for 3rd argument
inline void NODE_SET_METHOD(v8::Local<v8::Template> recv,
            ^
/Users/bryanlimy/.node-gyp/6.9.1/include/node/node.h:257:13: note: candidate function not viable: no known conversion from 'Handle<v8::Value> (const v8::internal::Arguments &)' (aka 'v8::Local<v8::Value> (const v8::internal::Arguments &)') to 'v8::FunctionCallback' (aka 'void (*)(const FunctionCallbackInfo<v8::Value> &)') for 3rd argument
inline void NODE_SET_METHOD(v8::Local<v8::Object> recv,
            ^
../src/bufferutil.cc:29:5: error: no matching function for call to 'NODE_SET_METHOD'
    NODE_SET_METHOD(t->GetFunction(), "mask", BufferUtil::Mask);
    ^~~~~~~~~~~~~~~
/Users/bryanlimy/.node-gyp/6.9.1/include/node/node.h:269:25: note: expanded from macro 'NODE_SET_METHOD'
#define NODE_SET_METHOD node::NODE_SET_METHOD
                        ^~~~~~~~~~~~~~~~~~~~~
/Users/bryanlimy/.node-gyp/6.9.1/include/node/node.h:244:13: note: candidate function not viable: no known conversion from 'Handle<v8::Value> (const v8::internal::Arguments &)' (aka 'v8::Local<v8::Value> (const v8::internal::Arguments &)') to 'v8::FunctionCallback' (aka 'void (*)(const FunctionCallbackInfo<v8::Value> &)') for 3rd argument
inline void NODE_SET_METHOD(v8::Local<v8::Template> recv,
            ^
/Users/bryanlimy/.node-gyp/6.9.1/include/node/node.h:257:13: note: candidate function not viable: no known conversion from 'Handle<v8::Value> (const v8::internal::Arguments &)' (aka 'v8::Local<v8::Value> (const v8::internal::Arguments &)') to 'v8::FunctionCallback' (aka 'void (*)(const FunctionCallbackInfo<v8::Value> &)') for 3rd argument
inline void NODE_SET_METHOD(v8::Local<v8::Object> recv,
            ^
../src/bufferutil.cc:30:5: error: no matching function for call to 'NODE_SET_METHOD'
    NODE_SET_METHOD(t->GetFunction(), "merge", BufferUtil::Merge);
    ^~~~~~~~~~~~~~~
/Users/bryanlimy/.node-gyp/6.9.1/include/node/node.h:269:25: note: expanded from macro 'NODE_SET_METHOD'
#define NODE_SET_METHOD node::NODE_SET_METHOD
                        ^~~~~~~~~~~~~~~~~~~~~
/Users/bryanlimy/.node-gyp/6.9.1/include/node/node.h:244:13: note: candidate function not viable: no known conversion from 'Handle<v8::Value> (const v8::internal::Arguments &)' (aka 'v8::Local<v8::Value> (const v8::internal::Arguments &)') to 'v8::FunctionCallback' (aka 'void (*)(const FunctionCallbackInfo<v8::Value> &)') for 3rd argument
inline void NODE_SET_METHOD(v8::Local<v8::Template> recv,
            ^
/Users/bryanlimy/.node-gyp/6.9.1/include/node/node.h:257:13: note: candidate function not viable: no known conversion from 'Handle<v8::Value> (const v8::internal::Arguments &)' (aka 'v8::Local<v8::Value> (const v8::internal::Arguments &)') to 'v8::FunctionCallback' (aka 'void (*)(const FunctionCallbackInfo<v8::Value> &)') for 3rd argument
inline void NODE_SET_METHOD(v8::Local<v8::Object> recv,
            ^
../src/bufferutil.cc:31:25: error: no member named 'NewSymbol' in 'v8::String'
    target->Set(String::NewSymbol("BufferUtil"), t->GetFunction());
                ~~~~~~~~^
../src/bufferutil.cc:38:17: error: calling a protected constructor of class 'v8::HandleScope'
    HandleScope scope;
                ^
/Users/bryanlimy/.node-gyp/6.9.1/include/node/v8.h:915:13: note: declared protected here
  V8_INLINE HandleScope() {}
            ^
../src/bufferutil.cc:40:26: error: member access into incomplete type 'const v8::internal::Arguments'
    bufferUtil->Wrap(args.This());
                         ^
/Users/bryanlimy/.node-gyp/6.9.1/include/node/v8.h:147:7: note: forward declaration of 'v8::internal::Arguments'
class Arguments;
      ^
../src/bufferutil.cc:41:16: error: member access into incomplete type 'const v8::internal::Arguments'
    return args.This();
               ^
/Users/bryanlimy/.node-gyp/6.9.1/include/node/v8.h:147:7: note: forward declaration of 'v8::internal::Arguments'
class Arguments;
      ^
../src/bufferutil.cc:46:17: error: calling a protected constructor of class 'v8::HandleScope'
    HandleScope scope;
                ^
/Users/bryanlimy/.node-gyp/6.9.1/include/node/v8.h:915:13: note: declared protected here
  V8_INLINE HandleScope() {}
            ^
../src/bufferutil.cc:47:35: error: type 'const v8::internal::Arguments' does not provide a subscript operator
    Local<Object> bufferObj = args[0]->ToObject();
                              ~~~~^~
../src/bufferutil.cc:49:49: error: type 'const v8::internal::Arguments' does not provide a subscript operator
    Local<Array> array = Local<Array>::Cast(args[1]);
                                            ~~~~^~
../src/bufferutil.cc:59:18: error: no member named 'Close' in 'v8::HandleScope'
    return scope.Close(True());
           ~~~~~ ^
../src/bufferutil.cc:59:24: error: no matching function for call to 'True'
    return scope.Close(True());
                       ^~~~
/Users/bryanlimy/.node-gyp/6.9.1/include/node/v8.h:326:25: note: candidate function not viable: requires single argument 'isolate', but no arguments were provided
  friend Local<Boolean> True(Isolate* isolate);
                        ^
../src/bufferutil.cc:64:17: error: calling a protected constructor of class 'v8::HandleScope'
    HandleScope scope;
                ^
/Users/bryanlimy/.node-gyp/6.9.1/include/node/v8.h:915:13: note: declared protected here
  V8_INLINE HandleScope() {}
            ^
fatal error: too many errors emitted, stopping now [-ferror-limit=]
20 errors generated.
make: *** [Release/obj.target/bufferutil/src/bufferutil.o] Error 1
gyp ERR! build error 
gyp ERR! stack Error: `make` failed with exit code: 2
gyp ERR! stack     at ChildProcess.onExit (/usr/local/lib/node_modules/npm/node_modules/node-gyp/lib/build.js:276:23)
gyp ERR! stack     at emitTwo (events.js:106:13)
gyp ERR! stack     at ChildProcess.emit (events.js:191:7)
gyp ERR! stack     at Process.ChildProcess._handle.onexit (internal/child_process.js:215:12)
gyp ERR! System Darwin 16.0.0
gyp ERR! command "/usr/local/Cellar/node/6.9.1/bin/node" "/usr/local/lib/node_modules/npm/node_modules/node-gyp/bin/node-gyp.js" "rebuild"
gyp ERR! cwd /Users/bryanlimy/GitHub/leapmotion-arduino-connection/node_modules/ws
gyp ERR! node -v v6.9.1
gyp ERR! node-gyp -v v3.4.0
gyp ERR! not ok 
